INFO 2025-10-23 10:34:22,986 autoreload 19224 19588 Watching for file changes with StatReloader
INFO 2025-10-23 10:43:57,575 autoreload 3444 23216 Watching for file changes with StatReloader
INFO 2025-10-23 10:46:45,530 autoreload 23516 22088 Watching for file changes with StatReloader
INFO 2025-10-23 10:47:05,619 autoreload 10508 5916 Watching for file changes with StatReloader
WARNING 2025-10-23 10:47:18,326 log 19224 6180 Not Found: /
WARNING 2025-10-23 10:47:18,331 basehttp 19224 6180 "GET / HTTP/1.1" 404 4080
WARNING 2025-10-23 10:47:19,594 log 19224 6180 Not Found: /favicon.ico
WARNING 2025-10-23 10:47:19,595 basehttp 19224 6180 "GET /favicon.ico HTTP/1.1" 404 4131
INFO 2025-10-23 10:48:35,215 basehttp 19224 14220 "GET /api/docs/ HTTP/1.1" 200 4646
INFO 2025-10-23 10:48:38,500 basehttp 19224 14220 "GET /api/schema/ HTTP/1.1" 200 63810
INFO 2025-10-23 10:48:55,643 basehttp 19224 7624 "GET /api/health/ HTTP/1.1" 200 5714
INFO 2025-10-23 10:48:56,291 basehttp 19224 11372 "GET /static/rest_framework/css/bootstrap-tweaks.css HTTP/1.1" 200 3426
INFO 2025-10-23 10:48:56,293 basehttp 19224 7624 "GET /static/rest_framework/css/bootstrap.min.css HTTP/1.1" 200 121457
INFO 2025-10-23 10:48:56,342 basehttp 19224 11304 "GET /static/rest_framework/css/prettify.css HTTP/1.1" 200 817
INFO 2025-10-23 10:48:56,511 basehttp 19224 11372 "GET /static/rest_framework/js/csrf.js HTTP/1.1" 200 1793
INFO 2025-10-23 10:48:56,644 basehttp 19224 23460 "GET /static/rest_framework/css/default.css HTTP/1.1" 200 1152
INFO 2025-10-23 10:48:56,662 basehttp 19224 7624 "GET /static/rest_framework/js/prettify-min.js HTTP/1.1" 200 13632
INFO 2025-10-23 10:48:56,672 basehttp 19224 11372 "GET /static/rest_framework/js/default.js HTTP/1.1" 200 1268
INFO 2025-10-23 10:48:56,674 basehttp 19224 11304 "GET /static/rest_framework/js/bootstrap.min.js HTTP/1.1" 200 39680
INFO 2025-10-23 10:48:56,740 basehttp 19224 21768 "GET /static/rest_framework/js/ajax-form.js HTTP/1.1" 200 3796
INFO 2025-10-23 10:48:56,744 basehttp 19224 4288 "GET /static/rest_framework/js/jquery-3.7.1.min.js HTTP/1.1" 200 87533
INFO 2025-10-23 10:48:56,894 basehttp 19224 23460 "GET /static/rest_framework/js/load-ajax-form.js HTTP/1.1" 200 59
INFO 2025-10-23 10:48:56,940 basehttp 19224 21768 "GET /static/rest_framework/img/grid.png HTTP/1.1" 200 1458
WARNING 2025-10-23 10:49:22,767 log 19224 22772 Not Found: /api/status/
WARNING 2025-10-23 10:49:22,768 basehttp 19224 22772 "GET /api/status/ HTTP/1.1" 404 5081
ERROR 2025-10-23 10:54:51,440 log 21784 23388 Invalid HTTP_HOST header: 'testserver'. You may need to add 'testserver' to ALLOWED_HOSTS.
Traceback (most recent call last):
  File "C:\Python312\Lib\site-packages\django\core\handlers\exception.py", line 55, in inner
    response = get_response(request)
               ^^^^^^^^^^^^^^^^^^^^^
  File "C:\Python312\Lib\site-packages\django\utils\deprecation.py", line 119, in __call__
    response = self.process_request(request)
               ^^^^^^^^^^^^^^^^^^^^^^^^^^^^^
  File "C:\Python312\Lib\site-packages\django\middleware\common.py", line 48, in process_request
    host = request.get_host()
           ^^^^^^^^^^^^^^^^^^
  File "C:\Python312\Lib\site-packages\django\http\request.py", line 191, in get_host
    raise DisallowedHost(msg)
django.core.exceptions.DisallowedHost: Invalid HTTP_HOST header: 'testserver'. You may need to add 'testserver' to ALLOWED_HOSTS.
ERROR 2025-10-23 10:54:51,473 log 21784 23388 Invalid HTTP_HOST header: 'testserver'. You may need to add 'testserver' to ALLOWED_HOSTS.
Traceback (most recent call last):
  File "C:\Python312\Lib\site-packages\django\core\handlers\exception.py", line 55, in inner
    response = get_response(request)
               ^^^^^^^^^^^^^^^^^^^^^
  File "C:\Python312\Lib\site-packages\django\utils\deprecation.py", line 119, in __call__
    response = self.process_request(request)
               ^^^^^^^^^^^^^^^^^^^^^^^^^^^^^
  File "C:\Python312\Lib\site-packages\django\middleware\common.py", line 48, in process_request
    host = request.get_host()
           ^^^^^^^^^^^^^^^^^^
  File "C:\Python312\Lib\site-packages\django\http\request.py", line 191, in get_host
    raise DisallowedHost(msg)
django.core.exceptions.DisallowedHost: Invalid HTTP_HOST header: 'testserver'. You may need to add 'testserver' to ALLOWED_HOSTS.
INFO 2025-10-23 10:54:57,817 autoreload 23516 22088 C:\Users\IDAN\SmartFarm-API\smartfarm\settings.py changed, reloading.
INFO 2025-10-23 10:54:58,114 autoreload 3444 23216 C:\Users\IDAN\SmartFarm-API\smartfarm\settings.py changed, reloading.
INFO 2025-10-23 10:54:58,157 autoreload 19224 19588 C:\Users\IDAN\SmartFarm-API\smartfarm\settings.py changed, reloading.
INFO 2025-10-23 10:55:01,560 autoreload 7276 17100 Watching for file changes with StatReloader
INFO 2025-10-23 10:55:01,663 autoreload 960 18904 Watching for file changes with StatReloader
INFO 2025-10-23 10:55:01,861 autoreload 2436 16052 Watching for file changes with StatReloader
WARNING 2025-10-23 10:57:15,082 log 21868 19052 Not Found: /api/status/
INFO 2025-10-23 10:57:22,037 autoreload 7276 17100 C:\Users\IDAN\SmartFarm-API\smartfarm\urls.py changed, reloading.
INFO 2025-10-23 10:57:22,116 autoreload 2436 16052 C:\Users\IDAN\SmartFarm-API\smartfarm\urls.py changed, reloading.
INFO 2025-10-23 10:57:22,305 autoreload 960 18904 C:\Users\IDAN\SmartFarm-API\smartfarm\urls.py changed, reloading.
INFO 2025-10-23 10:57:25,486 autoreload 8520 6860 Watching for file changes with StatReloader
INFO 2025-10-23 10:57:25,496 autoreload 22564 17620 Watching for file changes with StatReloader
INFO 2025-10-23 10:57:25,798 autoreload 15728 14748 Watching for file changes with StatReloader
WARNING 2025-10-23 10:57:33,997 api_status 15836 5932 Error getting statistics: type object 'Crop' has no attribute 'Season'
WARNING 2025-10-23 10:57:58,179 log 22564 10548 Bad Request: /api/yield/forecast/
WARNING 2025-10-23 10:57:58,183 basehttp 22564 10548 "GET /api/yield/forecast/? HTTP/1.1" 400 5926
INFO 2025-10-23 11:08:37,203 autoreload 15728 14748 C:\Users\IDAN\SmartFarm-API\smartfarm\settings.py changed, reloading.
INFO 2025-10-23 11:08:37,221 autoreload 22564 17620 C:\Users\IDAN\SmartFarm-API\smartfarm\settings.py changed, reloading.
INFO 2025-10-23 11:08:37,279 autoreload 8520 6860 C:\Users\IDAN\SmartFarm-API\smartfarm\settings.py changed, reloading.
INFO 2025-10-23 11:08:40,572 autoreload 11160 14844 Watching for file changes with StatReloader
INFO 2025-10-23 11:08:40,748 autoreload 6076 22516 Watching for file changes with StatReloader
INFO 2025-10-23 11:08:40,812 autoreload 10152 13668 Watching for file changes with StatReloader
INFO 2025-10-23 11:14:06,060 basehttp 11160 20376 "OPTIONS /api/health/ HTTP/1.1" 200 0
INFO 2025-10-23 11:14:06,081 basehttp 11160 20376 "GET /api/health/ HTTP/1.1" 200 237
INFO 2025-10-23 11:14:06,233 basehttp 11160 20376 "OPTIONS /api/status/ HTTP/1.1" 200 0
WARNING 2025-10-23 11:14:06,266 api_status 11160 20376 Error getting statistics: type object 'Crop' has no attribute 'Season'
INFO 2025-10-23 11:14:06,267 basehttp 11160 20376 "GET /api/status/ HTTP/1.1" 200 1463
INFO 2025-10-23 11:14:06,484 basehttp 11160 20376 "GET /api/health/ HTTP/1.1" 200 237
WARNING 2025-10-23 11:14:06,543 api_status 11160 20376 Error getting statistics: type object 'Crop' has no attribute 'Season'
INFO 2025-10-23 11:14:06,546 basehttp 11160 20376 "GET /api/status/ HTTP/1.1" 200 1463
INFO 2025-10-23 11:14:06,961 basehttp 11160 20376 "OPTIONS /api/prices/ HTTP/1.1" 200 0
INFO 2025-10-23 11:14:06,973 basehttp 11160 20376 "GET /api/prices/ HTTP/1.1" 200 123
INFO 2025-10-23 11:14:19,298 basehttp 11160 13912 "GET /api/health/ HTTP/1.1" 200 237
WARNING 2025-10-23 11:14:19,318 api_status 11160 13912 Error getting statistics: type object 'Crop' has no attribute 'Season'
INFO 2025-10-23 11:14:19,320 basehttp 11160 13912 "GET /api/status/ HTTP/1.1" 200 1463
INFO 2025-10-23 11:14:31,430 basehttp 11160 4364 "OPTIONS /api/yield/forecast/?crop=maize&region=nairobi&season=major&hectares=2.5 HTTP/1.1" 200 0
WARNING 2025-10-23 11:14:31,768 log 11160 4364 Bad Request: /api/yield/forecast/
WARNING 2025-10-23 11:14:31,771 basehttp 11160 4364 "GET /api/yield/forecast/?crop=maize&region=nairobi&season=major&hectares=2.5 HTTP/1.1" 400 182
INFO 2025-10-23 11:14:49,597 basehttp 11160 8672 "GET /api/health/ HTTP/1.1" 200 237
WARNING 2025-10-23 11:14:49,686 api_status 11160 8672 Error getting statistics: type object 'Crop' has no attribute 'Season'
INFO 2025-10-23 11:14:49,690 basehttp 11160 8672 "GET /api/status/ HTTP/1.1" 200 1463
INFO 2025-10-23 11:14:51,480 basehttp 11160 8672 "GET /api/health/ HTTP/1.1" 200 237
WARNING 2025-10-23 11:14:51,499 api_status 11160 8672 Error getting statistics: type object 'Crop' has no attribute 'Season'
INFO 2025-10-23 11:14:51,501 basehttp 11160 8672 "GET /api/status/ HTTP/1.1" 200 1463
INFO 2025-10-23 11:14:57,502 basehttp 11160 20740 "GET /api/health/ HTTP/1.1" 200 237
WARNING 2025-10-23 11:14:57,525 api_status 11160 20740 Error getting statistics: type object 'Crop' has no attribute 'Season'
INFO 2025-10-23 11:14:57,527 basehttp 11160 20740 "GET /api/status/ HTTP/1.1" 200 1463
INFO 2025-10-23 11:15:00,214 basehttp 11160 20740 "GET /api/health/ HTTP/1.1" 200 237
WARNING 2025-10-23 11:15:00,237 api_status 11160 20740 Error getting statistics: type object 'Crop' has no attribute 'Season'
INFO 2025-10-23 11:15:00,239 basehttp 11160 20740 "GET /api/status/ HTTP/1.1" 200 1463
INFO 2025-10-23 11:15:30,728 basehttp 11160 18636 "GET /api/prices/ HTTP/1.1" 200 123
INFO 2025-10-23 11:21:00,662 basehttp 11160 1492 "GET /api/health/ HTTP/1.1" 200 237
WARNING 2025-10-23 11:21:00,747 api_status 11160 1492 Error getting statistics: type object 'Crop' has no attribute 'Season'
INFO 2025-10-23 11:21:00,754 basehttp 11160 1492 "GET /api/status/ HTTP/1.1" 200 1463
INFO 2025-10-23 11:21:01,256 basehttp 11160 1492 "GET /api/health/ HTTP/1.1" 200 237
WARNING 2025-10-23 11:21:01,312 api_status 11160 1492 Error getting statistics: type object 'Crop' has no attribute 'Season'
INFO 2025-10-23 11:21:01,314 basehttp 11160 1492 "GET /api/status/ HTTP/1.1" 200 1463
INFO 2025-10-23 11:21:01,663 basehttp 11160 1492 "GET /api/prices/ HTTP/1.1" 200 123
INFO 2025-10-23 11:22:25,151 basehttp 11160 13740 "OPTIONS /api/auth/register/ HTTP/1.1" 200 0
INFO 2025-10-23 11:22:49,096 basehttp 11160 13740 "POST /api/auth/register/ HTTP/1.1" 201 913
INFO 2025-10-23 11:23:32,468 basehttp 11160 13136 "GET /api/health/ HTTP/1.1" 200 237
WARNING 2025-10-23 11:23:32,492 api_status 11160 13136 Error getting statistics: type object 'Crop' has no attribute 'Season'
INFO 2025-10-23 11:23:32,494 basehttp 11160 13136 "GET /api/status/ HTTP/1.1" 200 1463
INFO 2025-10-23 11:23:35,220 autoreload 6076 22516 C:\Users\IDAN\SmartFarm-API\smartfarm\urls.py changed, reloading.
INFO 2025-10-23 11:23:35,738 autoreload 11160 14844 C:\Users\IDAN\SmartFarm-API\smartfarm\urls.py changed, reloading.
INFO 2025-10-23 11:23:36,127 autoreload 10152 13668 C:\Users\IDAN\SmartFarm-API\smartfarm\urls.py changed, reloading.
INFO 2025-10-23 11:23:48,293 autoreload 17096 19476 Watching for file changes with StatReloader
INFO 2025-10-23 11:23:48,345 autoreload 18420 10912 Watching for file changes with StatReloader
INFO 2025-10-23 11:23:48,706 autoreload 19924 10664 Watching for file changes with StatReloader
INFO 2025-10-23 11:24:06,575 basehttp 17096 13860 "GET /api/health/ HTTP/1.1" 200 237
INFO 2025-10-23 11:24:06,668 basehttp 17096 13860 "GET /api/health/ HTTP/1.1" 200 237
WARNING 2025-10-23 11:24:07,051 api_status 17096 17672 Error getting statistics: type object 'Crop' has no attribute 'Season'
INFO 2025-10-23 11:24:07,053 basehttp 17096 17672 "GET /api/status/ HTTP/1.1" 200 1463
WARNING 2025-10-23 11:24:07,268 api_status 17096 13860 Error getting statistics: type object 'Crop' has no attribute 'Season'
INFO 2025-10-23 11:24:07,277 basehttp 17096 13860 "GET /api/status/ HTTP/1.1" 200 1463
INFO 2025-10-23 11:24:07,281 basehttp 17096 17672 "GET /api/prices/ HTTP/1.1" 200 1963
INFO 2025-10-23 11:24:07,371 basehttp 17096 17672 "OPTIONS /api/crops/ HTTP/1.1" 200 0
INFO 2025-10-23 11:24:07,394 basehttp 17096 17672 "GET /api/crops/ HTTP/1.1" 200 1196
INFO 2025-10-23 11:24:07,803 basehttp 17096 10836 "OPTIONS /api/crops/ HTTP/1.1" 200 0
INFO 2025-10-23 11:24:07,819 basehttp 17096 10836 "GET /api/crops/ HTTP/1.1" 200 1196
INFO 2025-10-23 11:24:07,930 basehttp 17096 20164 "OPTIONS /api/crops/ HTTP/1.1" 200 0
INFO 2025-10-23 11:24:07,943 basehttp 17096 20164 "GET /api/crops/ HTTP/1.1" 200 1196
INFO 2025-10-23 11:24:31,507 basehttp 17096 21460 "GET /api/health/ HTTP/1.1" 200 237
WARNING 2025-10-23 11:24:31,591 api_status 17096 21460 Error getting statistics: type object 'Crop' has no attribute 'Season'
INFO 2025-10-23 11:24:31,593 basehttp 17096 21460 "GET /api/status/ HTTP/1.1" 200 1463
INFO 2025-10-23 11:24:31,609 basehttp 17096 21460 "GET /api/crops/ HTTP/1.1" 200 1196
INFO 2025-10-23 11:24:31,679 basehttp 17096 21460 "GET /api/health/ HTTP/1.1" 200 237
WARNING 2025-10-23 11:24:31,692 api_status 17096 21460 Error getting statistics: type object 'Crop' has no attribute 'Season'
INFO 2025-10-23 11:24:31,694 basehttp 17096 21460 "GET /api/status/ HTTP/1.1" 200 1463
INFO 2025-10-23 11:24:31,907 basehttp 17096 21460 "GET /api/crops/ HTTP/1.1" 200 1196
INFO 2025-10-23 11:24:32,548 basehttp 17096 21460 "GET /api/prices/ HTTP/1.1" 200 1963
INFO 2025-10-23 11:24:32,696 basehttp 17096 7464 "GET /api/crops/ HTTP/1.1" 200 1196
INFO 2025-10-23 11:24:37,609 basehttp 17096 7464 "GET /api/yield/forecast/?crop=maize&region=nairobi&season=major&hectares=2.5 HTTP/1.1" 200 342
INFO 2025-10-23 11:24:50,261 basehttp 17096 19152 "OPTIONS /api/recommendations/?region=nairobi HTTP/1.1" 200 0
INFO 2025-10-23 11:24:50,296 basehttp 17096 19152 "GET /api/recommendations/?region=nairobi HTTP/1.1" 200 863
INFO 2025-10-23 11:24:54,723 basehttp 17096 1544 "GET /api/health/ HTTP/1.1" 200 237
INFO 2025-10-23 11:24:54,993 basehttp 17096 1544 "GET /api/health/ HTTP/1.1" 200 237
WARNING 2025-10-23 11:24:55,106 api_status 17096 20432 Error getting statistics: type object 'Crop' has no attribute 'Season'
INFO 2025-10-23 11:24:55,109 basehttp 17096 20432 "GET /api/status/ HTTP/1.1" 200 1463
WARNING 2025-10-23 11:24:55,125 api_status 17096 20432 Error getting statistics: type object 'Crop' has no attribute 'Season'
INFO 2025-10-23 11:24:55,127 basehttp 17096 20432 "GET /api/status/ HTTP/1.1" 200 1463
INFO 2025-10-23 11:24:55,140 basehttp 17096 1544 "GET /api/crops/ HTTP/1.1" 200 1196
INFO 2025-10-23 11:24:55,160 basehttp 17096 1544 "GET /api/crops/ HTTP/1.1" 200 1196
INFO 2025-10-23 11:24:55,350 basehttp 17096 20432 "GET /api/crops/ HTTP/1.1" 200 1196
INFO 2025-10-23 11:24:55,356 basehttp 17096 1544 "GET /api/prices/ HTTP/1.1" 200 1963
INFO 2025-10-23 11:25:14,586 basehttp 17096 15660 "GET /api/recommendations/?region=nairobi HTTP/1.1" 200 872
INFO 2025-10-23 11:25:34,628 basehttp 17096 10184 "GET /api/health/ HTTP/1.1" 200 237
WARNING 2025-10-23 11:25:34,644 api_status 17096 10184 Error getting statistics: type object 'Crop' has no attribute 'Season'
INFO 2025-10-23 11:25:34,646 basehttp 17096 10184 "GET /api/status/ HTTP/1.1" 200 1463
INFO 2025-10-23 11:25:34,662 basehttp 17096 10184 "GET /api/crops/ HTTP/1.1" 200 1196
INFO 2025-10-23 11:25:36,686 basehttp 17096 10184 "GET /api/health/ HTTP/1.1" 200 237
WARNING 2025-10-23 11:25:36,703 api_status 17096 10184 Error getting statistics: type object 'Crop' has no attribute 'Season'
INFO 2025-10-23 11:25:36,704 basehttp 17096 10184 "GET /api/status/ HTTP/1.1" 200 1463
INFO 2025-10-23 11:25:36,728 basehttp 17096 10184 "GET /api/crops/ HTTP/1.1" 200 1196
INFO 2025-10-23 11:25:42,160 basehttp 17096 10184 "GET /api/health/ HTTP/1.1" 200 237
WARNING 2025-10-23 11:25:42,271 api_status 17096 10184 Error getting statistics: type object 'Crop' has no attribute 'Season'
INFO 2025-10-23 11:25:42,275 basehttp 17096 10184 "GET /api/status/ HTTP/1.1" 200 1463
INFO 2025-10-23 11:25:42,308 basehttp 17096 10184 "GET /api/crops/ HTTP/1.1" 200 1196
INFO 2025-10-23 11:25:42,700 basehttp 17096 10184 "GET /api/health/ HTTP/1.1" 200 237
WARNING 2025-10-23 11:25:42,727 api_status 17096 10184 Error getting statistics: type object 'Crop' has no attribute 'Season'
INFO 2025-10-23 11:25:42,729 basehttp 17096 10184 "GET /api/status/ HTTP/1.1" 200 1463
INFO 2025-10-23 11:25:42,750 basehttp 17096 10184 "GET /api/crops/ HTTP/1.1" 200 1196
INFO 2025-10-23 11:25:43,158 basehttp 17096 10184 "GET /api/prices/ HTTP/1.1" 200 1963
INFO 2025-10-23 11:25:43,410 basehttp 17096 23000 "GET /api/crops/ HTTP/1.1" 200 1196
INFO 2025-10-23 11:25:45,889 basehttp 17096 23000 "GET /api/health/ HTTP/1.1" 200 237
WARNING 2025-10-23 11:25:45,913 api_status 17096 23000 Error getting statistics: type object 'Crop' has no attribute 'Season'
INFO 2025-10-23 11:25:45,916 basehttp 17096 23000 "GET /api/status/ HTTP/1.1" 200 1463
INFO 2025-10-23 11:25:45,943 basehttp 17096 23000 "GET /api/crops/ HTTP/1.1" 200 1196
INFO 2025-10-23 11:25:54,664 basehttp 17096 22356 "GET /api/health/ HTTP/1.1" 200 237
WARNING 2025-10-23 11:25:54,794 api_status 17096 22356 Error getting statistics: type object 'Crop' has no attribute 'Season'
INFO 2025-10-23 11:25:54,796 basehttp 17096 22356 "GET /api/status/ HTTP/1.1" 200 1463
INFO 2025-10-23 11:25:54,952 basehttp 17096 22356 "GET /api/crops/ HTTP/1.1" 200 1196
INFO 2025-10-23 11:25:55,488 basehttp 17096 11676 "GET /api/health/ HTTP/1.1" 200 237
INFO 2025-10-23 11:25:55,808 basehttp 17096 11676 "GET /api/prices/ HTTP/1.1" 200 1963
INFO 2025-10-23 11:25:55,821 basehttp 17096 22356 "GET /api/crops/ HTTP/1.1" 200 1196
WARNING 2025-10-23 11:25:56,203 api_status 17096 18736 Error getting statistics: type object 'Crop' has no attribute 'Season'
INFO 2025-10-23 11:25:56,245 basehttp 17096 18736 "GET /api/status/ HTTP/1.1" 200 1463
INFO 2025-10-23 11:25:56,539 basehttp 17096 18736 "GET /api/crops/ HTTP/1.1" 200 1196
INFO 2025-10-23 11:27:07,220 basehttp 17096 15072 "OPTIONS /api/health/ HTTP/1.1" 200 0
INFO 2025-10-23 11:27:07,402 basehttp 17096 15072 "GET /api/health/ HTTP/1.1" 200 237
INFO 2025-10-23 11:27:07,706 basehttp 17096 15072 "GET /api/health/ HTTP/1.1" 200 237
INFO 2025-10-23 11:27:07,853 basehttp 17096 6612 "OPTIONS /api/status/ HTTP/1.1" 200 0
WARNING 2025-10-23 11:27:07,984 api_status 17096 15072 Error getting statistics: type object 'Crop' has no attribute 'Season'
INFO 2025-10-23 11:27:07,986 basehttp 17096 15072 "GET /api/status/ HTTP/1.1" 200 1463
INFO 2025-10-23 11:27:08,086 basehttp 17096 6612 "OPTIONS /api/prices/ HTTP/1.1" 200 0
INFO 2025-10-23 11:27:08,090 basehttp 17096 6612 "OPTIONS /api/crops/ HTTP/1.1" 200 0
WARNING 2025-10-23 11:27:08,137 api_status 17096 15072 Error getting statistics: type object 'Crop' has no attribute 'Season'
INFO 2025-10-23 11:27:08,140 basehttp 17096 15072 "GET /api/status/ HTTP/1.1" 200 1463
INFO 2025-10-23 11:27:08,234 basehttp 17096 20028 "GET /api/crops/ HTTP/1.1" 200 1196
INFO 2025-10-23 11:27:08,234 basehttp 17096 6612 "GET /api/prices/ HTTP/1.1" 200 1963
INFO 2025-10-23 11:27:08,350 basehttp 17096 6612 "GET /api/crops/ HTTP/1.1" 200 1196
INFO 2025-10-23 11:27:08,395 basehttp 17096 6612 "GET /api/crops/ HTTP/1.1" 200 1196
INFO 2025-10-23 11:27:37,072 basehttp 17096 21592 "GET /api/health/ HTTP/1.1" 200 237
INFO 2025-10-23 11:27:37,644 basehttp 17096 21592 "GET /api/health/ HTTP/1.1" 200 237
WARNING 2025-10-23 11:27:37,830 api_status 17096 20008 Error getting statistics: type object 'Crop' has no attribute 'Season'
INFO 2025-10-23 11:27:37,838 basehttp 17096 20008 "GET /api/status/ HTTP/1.1" 200 1463
WARNING 2025-10-23 11:27:37,950 api_status 17096 20008 Error getting statistics: type object 'Crop' has no attribute 'Season'
INFO 2025-10-23 11:27:37,951 basehttp 17096 20008 "GET /api/status/ HTTP/1.1" 200 1463
INFO 2025-10-23 11:27:38,397 basehttp 17096 20008 "GET /api/crops/ HTTP/1.1" 200 1196
INFO 2025-10-23 11:27:38,410 basehttp 17096 20008 "GET /api/crops/ HTTP/1.1" 200 1196
INFO 2025-10-23 11:27:38,564 basehttp 17096 21592 "GET /api/crops/ HTTP/1.1" 200 1196
INFO 2025-10-23 11:27:38,576 basehttp 17096 20008 "GET /api/prices/ HTTP/1.1" 200 1963
INFO 2025-10-23 11:29:32,845 basehttp 17096 13464 "GET /api/health/ HTTP/1.1" 200 237
WARNING 2025-10-23 11:29:33,405 api_status 17096 13464 Error getting statistics: type object 'Crop' has no attribute 'Season'
INFO 2025-10-23 11:29:33,409 basehttp 17096 13464 "GET /api/status/ HTTP/1.1" 200 1463
INFO 2025-10-23 11:29:33,496 basehttp 17096 13464 "GET /api/health/ HTTP/1.1" 200 237
INFO 2025-10-23 11:29:33,512 basehttp 17096 13464 "GET /api/crops/ HTTP/1.1" 200 1196
WARNING 2025-10-23 11:29:33,528 api_status 17096 13464 Error getting statistics: type object 'Crop' has no attribute 'Season'
INFO 2025-10-23 11:29:33,529 basehttp 17096 13464 "GET /api/status/ HTTP/1.1" 200 1463
INFO 2025-10-23 11:29:33,548 basehttp 17096 13464 "GET /api/crops/ HTTP/1.1" 200 1196
INFO 2025-10-23 11:29:34,773 basehttp 17096 17800 "GET /api/crops/ HTTP/1.1" 200 1196
INFO 2025-10-23 11:29:34,773 basehttp 17096 19496 "GET /api/prices/ HTTP/1.1" 200 1963
INFO 2025-10-23 11:29:50,700 basehttp 17096 23472 "GET /api/health/ HTTP/1.1" 200 237
WARNING 2025-10-23 11:29:50,920 api_status 17096 23472 Error getting statistics: type object 'Crop' has no attribute 'Season'
INFO 2025-10-23 11:29:50,922 basehttp 17096 23472 "GET /api/status/ HTTP/1.1" 200 1463
INFO 2025-10-23 11:29:50,957 basehttp 17096 23472 "GET /api/crops/ HTTP/1.1" 200 1196
INFO 2025-10-23 11:29:51,499 basehttp 17096 23472 "GET /api/health/ HTTP/1.1" 200 237
WARNING 2025-10-23 11:29:51,603 api_status 17096 23472 Error getting statistics: type object 'Crop' has no attribute 'Season'
INFO 2025-10-23 11:29:51,605 basehttp 17096 23472 "GET /api/status/ HTTP/1.1" 200 1463
INFO 2025-10-23 11:29:51,626 basehttp 17096 23472 "GET /api/crops/ HTTP/1.1" 200 1196
INFO 2025-10-23 11:29:52,526 basehttp 17096 23472 "GET /api/prices/ HTTP/1.1" 200 1963
INFO 2025-10-23 11:29:52,526 basehttp 17096 4132 "GET /api/crops/ HTTP/1.1" 200 1196
INFO 2025-10-23 11:30:01,172 basehttp 17096 6648 "GET /api/health/ HTTP/1.1" 200 237
WARNING 2025-10-23 11:30:02,588 api_status 17096 6648 Error getting statistics: type object 'Crop' has no attribute 'Season'
INFO 2025-10-23 11:30:02,589 basehttp 17096 6648 "GET /api/status/ HTTP/1.1" 200 1463
INFO 2025-10-23 11:30:02,616 basehttp 17096 6648 "GET /api/crops/ HTTP/1.1" 200 1196
INFO 2025-10-23 11:30:03,500 basehttp 17096 6648 "GET /api/health/ HTTP/1.1" 200 237
INFO 2025-10-23 11:30:03,519 basehttp 17096 6648 "GET /api/prices/ HTTP/1.1" 200 1963
INFO 2025-10-23 11:30:03,532 basehttp 17096 6648 "GET /api/crops/ HTTP/1.1" 200 1196
WARNING 2025-10-23 11:30:03,609 api_status 17096 6648 Error getting statistics: type object 'Crop' has no attribute 'Season'
INFO 2025-10-23 11:30:03,611 basehttp 17096 6648 "GET /api/status/ HTTP/1.1" 200 1463
INFO 2025-10-23 11:30:03,626 basehttp 17096 6648 "GET /api/crops/ HTTP/1.1" 200 1196
INFO 2025-10-23 11:30:15,338 autoreload 17096 19476 C:\Users\IDAN\SmartFarm-API\smartfarm\settings.py changed, reloading.
INFO 2025-10-23 11:30:16,075 autoreload 18420 10912 C:\Users\IDAN\SmartFarm-API\smartfarm\settings.py changed, reloading.
INFO 2025-10-23 11:30:16,389 autoreload 19924 10664 C:\Users\IDAN\SmartFarm-API\smartfarm\settings.py changed, reloading.
INFO 2025-10-23 11:30:19,570 autoreload 16644 11372 Watching for file changes with StatReloader
INFO 2025-10-23 11:30:20,621 autoreload 22404 15472 Watching for file changes with StatReloader
INFO 2025-10-23 11:30:21,134 autoreload 14672 21468 Watching for file changes with StatReloader
INFO 2025-10-23 11:31:51,412 basehttp 16644 19072 "GET /api/health/ HTTP/1.1" 200 237
INFO 2025-10-23 11:31:52,566 basehttp 16644 19072 "GET /api/health/ HTTP/1.1" 200 237
INFO 2025-10-23 11:31:52,611 basehttp 16644 21280 "GET /api/prices/ HTTP/1.1" 200 1977
INFO 2025-10-23 11:31:52,612 basehttp 16644 22064 "GET /api/crops/ HTTP/1.1" 200 2020
WARNING 2025-10-23 11:31:52,692 api_status 16644 22064 Error getting statistics: type object 'Crop' has no attribute 'Season'
INFO 2025-10-23 11:31:52,694 basehttp 16644 22064 "GET /api/status/ HTTP/1.1" 200 1682
WARNING 2025-10-23 11:31:52,706 api_status 16644 22064 Error getting statistics: type object 'Crop' has no attribute 'Season'
INFO 2025-10-23 11:31:52,708 basehttp 16644 22064 "GET /api/status/ HTTP/1.1" 200 1682
INFO 2025-10-23 11:31:52,792 basehttp 16644 22064 "GET /api/crops/ HTTP/1.1" 200 2020
INFO 2025-10-23 11:31:52,807 basehttp 16644 22064 "GET /api/crops/ HTTP/1.1" 200 2020
INFO 2025-10-23 11:32:03,055 basehttp 16644 9080 "GET /api/health/ HTTP/1.1" 200 237
WARNING 2025-10-23 11:32:03,303 api_status 16644 9080 Error getting statistics: type object 'Crop' has no attribute 'Season'
INFO 2025-10-23 11:32:03,305 basehttp 16644 9080 "GET /api/status/ HTTP/1.1" 200 1682
INFO 2025-10-23 11:32:03,384 basehttp 16644 9080 "GET /api/crops/ HTTP/1.1" 200 2020
INFO 2025-10-23 11:32:04,523 basehttp 16644 14600 "GET /api/health/ HTTP/1.1" 200 237
INFO 2025-10-23 11:32:04,550 basehttp 16644 20580 "GET /api/prices/ HTTP/1.1" 200 1977
INFO 2025-10-23 11:32:04,555 basehttp 16644 14600 "GET /api/crops/ HTTP/1.1" 200 2020
WARNING 2025-10-23 11:32:04,570 api_status 16644 14600 Error getting statistics: type object 'Crop' has no attribute 'Season'
INFO 2025-10-23 11:32:04,572 basehttp 16644 14600 "GET /api/status/ HTTP/1.1" 200 1682
INFO 2025-10-23 11:32:04,584 basehttp 16644 14600 "GET /api/crops/ HTTP/1.1" 200 2020
INFO 2025-10-23 11:32:26,006 basehttp 16644 12608 "GET /api/health/ HTTP/1.1" 200 237
INFO 2025-10-23 11:32:26,320 basehttp 16644 12608 "GET /api/health/ HTTP/1.1" 200 237
WARNING 2025-10-23 11:32:26,440 api_status 16644 12608 Error getting statistics: type object 'Crop' has no attribute 'Season'
INFO 2025-10-23 11:32:26,442 basehttp 16644 12608 "GET /api/status/ HTTP/1.1" 200 1682
WARNING 2025-10-23 11:32:26,730 api_status 16644 12608 Error getting statistics: type object 'Crop' has no attribute 'Season'
INFO 2025-10-23 11:32:26,733 basehttp 16644 12608 "GET /api/status/ HTTP/1.1" 200 1682
INFO 2025-10-23 11:32:26,742 basehttp 16644 3488 "GET /api/crops/ HTTP/1.1" 200 2020
INFO 2025-10-23 11:32:26,787 basehttp 16644 3488 "GET /api/crops/ HTTP/1.1" 200 2020
INFO 2025-10-23 11:32:26,787 basehttp 16644 12608 "GET /api/prices/ HTTP/1.1" 200 1977
INFO 2025-10-23 11:32:27,231 basehttp 16644 12608 "GET /api/crops/ HTTP/1.1" 200 2020
INFO 2025-10-23 11:33:32,736 basehttp 16644 11484 "GET /api/health/ HTTP/1.1" 200 237
INFO 2025-10-23 11:33:32,838 basehttp 16644 11484 "GET /api/health/ HTTP/1.1" 200 237
WARNING 2025-10-23 11:33:32,893 api_status 16644 11484 Error getting statistics: type object 'Crop' has no attribute 'Season'
INFO 2025-10-23 11:33:32,897 basehttp 16644 11484 "GET /api/status/ HTTP/1.1" 200 1682
WARNING 2025-10-23 11:33:33,014 api_status 16644 11484 Error getting statistics: type object 'Crop' has no attribute 'Season'
INFO 2025-10-23 11:33:33,021 basehttp 16644 11484 "GET /api/status/ HTTP/1.1" 200 1682
INFO 2025-10-23 11:33:33,413 basehttp 16644 11484 "GET /api/prices/ HTTP/1.1" 200 1977
INFO 2025-10-23 11:33:33,823 basehttp 16644 5928 "GET /api/crops/ HTTP/1.1" 200 2020
INFO 2025-10-23 11:33:33,852 basehttp 16644 5928 "GET /api/crops/ HTTP/1.1" 200 2020
INFO 2025-10-23 11:33:33,867 basehttp 16644 5928 "GET /api/crops/ HTTP/1.1" 200 2020
INFO 2025-10-23 11:33:44,607 autoreload 16644 11372 C:\Users\IDAN\SmartFarm-API\smartfarm\settings.py changed, reloading.
INFO 2025-10-23 11:33:44,718 autoreload 22404 15472 C:\Users\IDAN\SmartFarm-API\smartfarm\settings.py changed, reloading.
INFO 2025-10-23 11:33:44,761 autoreload 14672 21468 C:\Users\IDAN\SmartFarm-API\smartfarm\settings.py changed, reloading.
INFO 2025-10-23 11:33:49,002 autoreload 12400 17304 Watching for file changes with StatReloader
INFO 2025-10-23 11:33:49,137 autoreload 13944 14608 Watching for file changes with StatReloader
INFO 2025-10-23 11:33:49,192 autoreload 4316 7528 Watching for file changes with StatReloader
INFO 2025-10-23 11:39:11,333 basehttp 12400 10884 "GET /api/health/ HTTP/1.1" 200 237
WARNING 2025-10-23 11:39:13,253 api_status 12400 10884 Error getting statistics: type object 'Crop' has no attribute 'Season'
INFO 2025-10-23 11:39:13,255 basehttp 12400 10884 "GET /api/status/ HTTP/1.1" 200 1686
INFO 2025-10-23 11:39:13,329 basehttp 12400 10884 "GET /api/crops/ HTTP/1.1" 200 2020
INFO 2025-10-23 11:39:13,495 basehttp 12400 10884 "GET /api/health/ HTTP/1.1" 200 237
INFO 2025-10-23 11:39:13,522 basehttp 12400 10884 "GET /api/crops/ HTTP/1.1" 200 2020
INFO 2025-10-23 11:39:13,540 basehttp 12400 19116 "GET /api/prices/ HTTP/1.1" 200 1977
WARNING 2025-10-23 11:39:13,560 api_status 12400 19116 Error getting statistics: type object 'Crop' has no attribute 'Season'
INFO 2025-10-23 11:39:13,562 basehttp 12400 19116 "GET /api/status/ HTTP/1.1" 200 1686
INFO 2025-10-23 11:39:13,585 basehttp 12400 19116 "GET /api/crops/ HTTP/1.1" 200 2020
INFO 2025-10-23 11:40:11,369 basehttp 12400 23352 "GET /api/health/ HTTP/1.1" 200 237
WARNING 2025-10-23 11:40:11,704 api_status 12400 23352 Error getting statistics: type object 'Crop' has no attribute 'Season'
INFO 2025-10-23 11:40:11,706 basehttp 12400 23352 "GET /api/status/ HTTP/1.1" 200 1686
INFO 2025-10-23 11:40:11,731 basehttp 12400 23352 "GET /api/crops/ HTTP/1.1" 200 2020
INFO 2025-10-23 11:40:12,863 basehttp 12400 23352 "GET /api/health/ HTTP/1.1" 200 237
INFO 2025-10-23 11:40:12,880 basehttp 12400 23352 "GET /api/prices/ HTTP/1.1" 200 1977
INFO 2025-10-23 11:40:12,899 basehttp 12400 23352 "GET /api/crops/ HTTP/1.1" 200 2020
WARNING 2025-10-23 11:40:12,936 api_status 12400 23352 Error getting statistics: type object 'Crop' has no attribute 'Season'
INFO 2025-10-23 11:40:12,938 basehttp 12400 23352 "GET /api/status/ HTTP/1.1" 200 1686
INFO 2025-10-23 11:40:13,047 basehttp 12400 23352 "GET /api/crops/ HTTP/1.1" 200 2020
INFO 2025-10-23 11:42:20,245 basehttp 12400 21680 "GET /api/health/ HTTP/1.1" 200 237
WARNING 2025-10-23 11:42:20,266 api_status 12400 21680 Error getting statistics: type object 'Crop' has no attribute 'Season'
INFO 2025-10-23 11:42:20,272 basehttp 12400 21680 "GET /api/status/ HTTP/1.1" 200 1686
INFO 2025-10-23 11:42:20,313 basehttp 12400 21680 "GET /api/crops/ HTTP/1.1" 200 2020
INFO 2025-10-23 11:42:23,485 basehttp 12400 21680 "GET /api/health/ HTTP/1.1" 200 237
WARNING 2025-10-23 11:42:23,527 api_status 12400 21680 Error getting statistics: type object 'Crop' has no attribute 'Season'
INFO 2025-10-23 11:42:23,529 basehttp 12400 21680 "GET /api/status/ HTTP/1.1" 200 1686
INFO 2025-10-23 11:42:23,562 basehttp 12400 21680 "GET /api/crops/ HTTP/1.1" 200 2020
INFO 2025-10-23 11:43:45,549 basehttp 12400 16852 "GET /api/health/ HTTP/1.1" 200 237
WARNING 2025-10-23 11:43:47,938 api_status 12400 16852 Error getting statistics: type object 'Crop' has no attribute 'Season'
INFO 2025-10-23 11:43:47,940 basehttp 12400 16852 "GET /api/status/ HTTP/1.1" 200 1686
INFO 2025-10-23 11:43:47,964 basehttp 12400 16852 "GET /api/crops/ HTTP/1.1" 200 2020
INFO 2025-10-23 11:43:49,325 basehttp 12400 16852 "GET /api/health/ HTTP/1.1" 200 237
INFO 2025-10-23 11:43:49,357 basehttp 12400 16852 "GET /api/prices/ HTTP/1.1" 200 1977
INFO 2025-10-23 11:43:49,459 basehttp 12400 16852 "GET /api/crops/ HTTP/1.1" 200 2020
WARNING 2025-10-23 11:43:52,227 api_status 12400 16852 Error getting statistics: type object 'Crop' has no attribute 'Season'
INFO 2025-10-23 11:43:52,229 basehttp 12400 16852 "GET /api/status/ HTTP/1.1" 200 1686
INFO 2025-10-23 11:43:52,278 basehttp 12400 16852 "GET /api/crops/ HTTP/1.1" 200 2020
INFO 2025-10-23 11:47:14,802 basehttp 12400 14092 "GET /api/health/ HTTP/1.1" 200 237
INFO 2025-10-23 11:47:16,981 basehttp 12400 11616 "GET /api/health/ HTTP/1.1" 200 237
INFO 2025-10-23 11:47:17,008 basehttp 12400 11616 "GET /api/crops/ HTTP/1.1" 200 2020
INFO 2025-10-23 11:47:17,021 basehttp 12400 21284 "GET /api/prices/ HTTP/1.1" 200 1977
WARNING 2025-10-23 11:47:17,029 api_status 12400 10284 Error getting statistics: type object 'Crop' has no attribute 'Season'
INFO 2025-10-23 11:47:17,031 basehttp 12400 10284 "GET /api/status/ HTTP/1.1" 200 1686
WARNING 2025-10-23 11:47:17,088 api_status 12400 10284 Error getting statistics: type object 'Crop' has no attribute 'Season'
INFO 2025-10-23 11:47:17,090 basehttp 12400 10284 "GET /api/status/ HTTP/1.1" 200 1686
INFO 2025-10-23 11:47:17,198 basehttp 12400 10284 "GET /api/crops/ HTTP/1.1" 200 2020
INFO 2025-10-23 11:47:17,213 basehttp 12400 10284 "GET /api/crops/ HTTP/1.1" 200 2020
INFO 2025-10-23 11:48:14,201 basehttp 12400 23336 "GET /api/health/ HTTP/1.1" 200 237
WARNING 2025-10-23 11:48:14,245 api_status 12400 23336 Error getting statistics: type object 'Crop' has no attribute 'Season'
INFO 2025-10-23 11:48:14,246 basehttp 12400 23336 "GET /api/status/ HTTP/1.1" 200 1686
INFO 2025-10-23 11:48:14,476 basehttp 12400 23336 "GET /api/crops/ HTTP/1.1" 200 2020
INFO 2025-10-23 11:48:15,669 basehttp 12400 23336 "GET /api/health/ HTTP/1.1" 200 237
INFO 2025-10-23 11:48:15,725 basehttp 12400 23336 "GET /api/prices/ HTTP/1.1" 200 1977
INFO 2025-10-23 11:48:15,740 basehttp 12400 11480 "GET /api/crops/ HTTP/1.1" 200 2020
WARNING 2025-10-23 11:48:15,770 api_status 12400 11480 Error getting statistics: type object 'Crop' has no attribute 'Season'
INFO 2025-10-23 11:48:15,772 basehttp 12400 11480 "GET /api/status/ HTTP/1.1" 200 1686
INFO 2025-10-23 11:48:15,790 basehttp 12400 11480 "GET /api/crops/ HTTP/1.1" 200 2020
INFO 2025-10-23 11:48:18,728 basehttp 12400 8596 "GET /api/health/ HTTP/1.1" 200 237
INFO 2025-10-23 11:48:19,762 basehttp 12400 8596 "GET /api/health/ HTTP/1.1" 200 237
INFO 2025-10-23 11:48:19,828 basehttp 12400 8596 "GET /api/prices/ HTTP/1.1" 200 1977
INFO 2025-10-23 11:48:19,856 basehttp 12400 8596 "GET /api/crops/ HTTP/1.1" 200 2020
WARNING 2025-10-23 11:48:21,175 api_status 12400 8596 Error getting statistics: type object 'Crop' has no attribute 'Season'
INFO 2025-10-23 11:48:21,177 basehttp 12400 8596 "GET /api/status/ HTTP/1.1" 200 1686
WARNING 2025-10-23 11:48:21,196 api_status 12400 8596 Error getting statistics: type object 'Crop' has no attribute 'Season'
INFO 2025-10-23 11:48:21,198 basehttp 12400 8596 "GET /api/status/ HTTP/1.1" 200 1686
INFO 2025-10-23 11:48:21,240 basehttp 12400 8596 "GET /api/crops/ HTTP/1.1" 200 2020
INFO 2025-10-23 11:48:21,266 basehttp 12400 8596 "GET /api/crops/ HTTP/1.1" 200 2020
INFO 2025-10-23 11:48:53,434 autoreload 12400 17304 C:\Users\IDAN\SmartFarm-API\smartfarm\settings.py changed, reloading.
INFO 2025-10-23 11:48:53,562 autoreload 13944 14608 C:\Users\IDAN\SmartFarm-API\smartfarm\settings.py changed, reloading.
INFO 2025-10-23 11:48:53,565 autoreload 4316 7528 C:\Users\IDAN\SmartFarm-API\smartfarm\settings.py changed, reloading.
INFO 2025-10-23 11:49:00,691 autoreload 4332 20860 Watching for file changes with StatReloader
INFO 2025-10-23 11:49:01,006 autoreload 1904 21768 Watching for file changes with StatReloader
INFO 2025-10-23 11:49:01,132 autoreload 10200 14200 Watching for file changes with StatReloader
INFO 2025-10-23 11:49:13,655 basehttp 4332 5392 "GET /api/health/ HTTP/1.1" 200 237
INFO 2025-10-23 11:49:17,669 basehttp 4332 14348 "GET /api/health/ HTTP/1.1" 200 237
INFO 2025-10-23 11:49:17,810 basehttp 4332 14348 "GET /api/prices/ HTTP/1.1" 200 1977
INFO 2025-10-23 11:49:17,875 basehttp 4332 14348 "GET /api/crops/ HTTP/1.1" 200 2020
WARNING 2025-10-23 11:49:20,230 api_status 4332 14348 Error getting statistics: type object 'Crop' has no attribute 'Season'
INFO 2025-10-23 11:49:20,233 basehttp 4332 14348 "GET /api/status/ HTTP/1.1" 200 1779
WARNING 2025-10-23 11:49:20,516 api_status 4332 14348 Error getting statistics: type object 'Crop' has no attribute 'Season'
INFO 2025-10-23 11:49:20,518 basehttp 4332 14348 "GET /api/status/ HTTP/1.1" 200 1779
INFO 2025-10-23 11:49:20,658 basehttp 4332 20452 "GET /api/crops/ HTTP/1.1" 200 2020
INFO 2025-10-23 11:49:20,683 basehttp 4332 20452 "GET /api/crops/ HTTP/1.1" 200 2020
INFO 2025-10-23 11:51:13,261 basehttp 4332 14876 "GET /api/prices/ HTTP/1.1" 200 1977
INFO 2025-10-23 11:52:27,134 basehttp 4332 20700 "GET /api/prices/ HTTP/1.1" 200 1977
INFO 2025-10-23 11:55:18,796 basehttp 4332 9588 "GET /api/health/ HTTP/1.1" 200 237
INFO 2025-10-23 11:55:22,419 basehttp 4332 9588 "GET /api/health/ HTTP/1.1" 200 237
INFO 2025-10-23 11:55:22,446 basehttp 4332 23256 "GET /api/crops/ HTTP/1.1" 200 2020
INFO 2025-10-23 11:55:22,456 basehttp 4332 9588 "GET /api/prices/ HTTP/1.1" 200 1977
WARNING 2025-10-23 11:55:25,451 api_status 4332 9588 Error getting statistics: type object 'Crop' has no attribute 'Season'
INFO 2025-10-23 11:55:25,454 basehttp 4332 9588 "GET /api/status/ HTTP/1.1" 200 1779
WARNING 2025-10-23 11:55:25,469 api_status 4332 9588 Error getting statistics: type object 'Crop' has no attribute 'Season'
INFO 2025-10-23 11:55:25,471 basehttp 4332 9588 "GET /api/status/ HTTP/1.1" 200 1779
INFO 2025-10-23 11:55:25,863 basehttp 4332 9588 "GET /api/crops/ HTTP/1.1" 200 2020
INFO 2025-10-23 11:55:25,879 basehttp 4332 9588 "GET /api/crops/ HTTP/1.1" 200 2020
INFO 2025-10-23 12:00:04,453 basehttp 4332 6292 "GET /api/health/ HTTP/1.1" 200 237
INFO 2025-10-23 12:00:05,695 basehttp 4332 6292 "GET /api/health/ HTTP/1.1" 200 237
INFO 2025-10-23 12:00:06,014 basehttp 4332 6292 "GET /api/prices/ HTTP/1.1" 200 1977
INFO 2025-10-23 12:00:06,066 basehttp 4332 6292 "GET /api/crops/ HTTP/1.1" 200 2020
WARNING 2025-10-23 12:00:06,359 api_status 4332 6292 Error getting statistics: type object 'Crop' has no attribute 'Season'
INFO 2025-10-23 12:00:06,361 basehttp 4332 6292 "GET /api/status/ HTTP/1.1" 200 1779
INFO 2025-10-23 12:00:06,412 basehttp 4332 6292 - Broken pipe from ('127.0.0.1', 30204)
INFO 2025-10-23 12:00:06,751 basehttp 4332 19720 "GET /api/health/ HTTP/1.1" 200 237
WARNING 2025-10-23 12:00:06,889 api_status 4332 19720 Error getting statistics: type object 'Crop' has no attribute 'Season'
INFO 2025-10-23 12:00:06,892 basehttp 4332 19720 "GET /api/status/ HTTP/1.1" 200 1779
INFO 2025-10-23 12:00:06,927 basehttp 4332 19720 "GET /api/crops/ HTTP/1.1" 200 2020
INFO 2025-10-23 12:00:07,741 basehttp 4332 19720 "GET /api/health/ HTTP/1.1" 200 237
WARNING 2025-10-23 12:00:14,751 api_status 4332 14300 Error getting statistics: type object 'Crop' has no attribute 'Season'
INFO 2025-10-23 12:00:14,755 basehttp 4332 14300 "GET /api/status/ HTTP/1.1" 200 1779
INFO 2025-10-23 12:00:14,967 basehttp 4332 14300 "GET /api/prices/ HTTP/1.1" 200 1977
INFO 2025-10-23 12:00:14,968 basehttp 4332 9504 "GET /api/crops/ HTTP/1.1" 200 2020
INFO 2025-10-23 12:00:14,982 basehttp 4332 9504 "GET /api/crops/ HTTP/1.1" 200 2020
INFO 2025-10-23 12:00:43,330 basehttp 4332 12068 "GET /api/health/ HTTP/1.1" 200 237
WARNING 2025-10-23 12:00:43,758 api_status 4332 12068 Error getting statistics: type object 'Crop' has no attribute 'Season'
INFO 2025-10-23 12:00:43,762 basehttp 4332 12068 "GET /api/status/ HTTP/1.1" 200 1779
INFO 2025-10-23 12:00:43,794 basehttp 4332 12068 "GET /api/crops/ HTTP/1.1" 200 2020
INFO 2025-10-23 12:00:45,225 basehttp 4332 12068 "GET /api/health/ HTTP/1.1" 200 237
INFO 2025-10-23 12:00:45,234 basehttp 4332 17220 "GET /api/crops/ HTTP/1.1" 200 2020
INFO 2025-10-23 12:00:45,247 basehttp 4332 7616 "GET /api/prices/ HTTP/1.1" 200 1977
WARNING 2025-10-23 12:00:45,258 api_status 4332 17220 Error getting statistics: type object 'Crop' has no attribute 'Season'
INFO 2025-10-23 12:00:45,259 basehttp 4332 17220 "GET /api/status/ HTTP/1.1" 200 1779
INFO 2025-10-23 12:00:45,317 basehttp 4332 17220 "GET /api/crops/ HTTP/1.1" 200 2020
INFO 2025-10-23 12:02:49,740 basehttp 4332 16392 "GET /api/health/ HTTP/1.1" 200 237
WARNING 2025-10-23 12:02:49,916 api_status 4332 16392 Error getting statistics: type object 'Crop' has no attribute 'Season'
INFO 2025-10-23 12:02:49,918 basehttp 4332 16392 "GET /api/status/ HTTP/1.1" 200 1779
INFO 2025-10-23 12:02:51,360 basehttp 4332 16392 "GET /api/crops/ HTTP/1.1" 200 1839
INFO 2025-10-23 12:02:51,364 basehttp 4332 18664 "GET /api/health/ HTTP/1.1" 200 237
INFO 2025-10-23 12:02:51,380 basehttp 4332 16392 "GET /api/crops/ HTTP/1.1" 200 1839
INFO 2025-10-23 12:02:51,392 basehttp 4332 14224 "GET /api/prices/ HTTP/1.1" 200 1979
WARNING 2025-10-23 12:02:51,583 api_status 4332 14224 Error getting statistics: type object 'Crop' has no attribute 'Season'
INFO 2025-10-23 12:02:51,585 basehttp 4332 14224 "GET /api/status/ HTTP/1.1" 200 1779
INFO 2025-10-23 12:02:51,771 basehttp 4332 14224 "GET /api/crops/ HTTP/1.1" 200 1839
INFO 2025-10-23 12:05:23,371 basehttp 4332 2552 "OPTIONS /api/recommendations/?region=kumasi&season=minor&soil_type=silty HTTP/1.1" 200 0
INFO 2025-10-23 12:05:24,770 basehttp 4332 2552 "GET /api/recommendations/?region=kumasi&season=minor&soil_type=silty HTTP/1.1" 200 107
INFO 2025-10-23 12:06:58,500 basehttp 4332 10252 "GET /api/health/ HTTP/1.1" 200 237
WARNING 2025-10-23 12:06:58,627 api_status 4332 10252 Error getting statistics: type object 'Crop' has no attribute 'Season'
INFO 2025-10-23 12:06:58,629 basehttp 4332 10252 "GET /api/status/ HTTP/1.1" 200 1779
INFO 2025-10-23 12:06:58,657 basehttp 4332 10252 "GET /api/crops/ HTTP/1.1" 200 1839
